<?xml version="1.0" encoding="UTF-8" standalone="no"?>
<testsuite failures="0" name="cucumber.runtime.formatter.JUnitFormatter" skipped="0" tests="1" time="20.989341">
<testcase classname="LoginFeature" name=": Automation Practice Login Test Scenario" time="20.989341">
<system-out><![CDATA[Given user is already on Login Page.........................................passed
When title of login page is My Store........................................passed
Then user clicks on the header signIn link..................................passed
Then user enters "smarakuniversum@gmail.com" and "hello"....................passed
Then user clicks on signIn button...........................................passed
Then user is on My Account page.............................................passed
When user clicks on signOut button..........................................passed
Then user should be signedOut from the application..........................passed
]]></system-out>
</testcase>
</testsuite>
